<?xml version="1.0" encoding="UTF-8"?>
<!-- Generated by org.testng.reporters.JUnitReportReporter -->
<testsuite skipped="0" hostname="DESKTOP-N60QB27" name="utilities.TestParametrization" tests="5" failures="0" timestamp="2022-11-19T17:44:11 IST" time="0.017" errors="0">
  <testcase name="testData" time="0.011" classname="utilities.TestParametrization"/>
  <testcase name="testData" time="0.001" classname="utilities.TestParametrization"/>
  <testcase name="testData" time="0.002" classname="utilities.TestParametrization"/>
  <testcase name="testData" time="0.002" classname="utilities.TestParametrization"/>
  <testcase name="testData" time="0.001" classname="utilities.TestParametrization"/>
</testsuite> <!-- utilities.TestParametrization -->
